<?xml version="1.0" encoding="UTF-8"?>
<!-- Generated by org.testng.reporters.JUnitReportReporter -->
<testsuite hostname="DESKTOP-MUG33TE" failures="0" tests="1" name="practice_wide_range_of_scenarios_selenium.makeMyTrip_scenario" time="55.300" errors="0" timestamp="2023-09-22T15:36:37 IST" skipped="0">
  <testcase classname="practice_wide_range_of_scenarios_selenium.makeMyTrip_scenario" name="featch_details_of_roundTrip" time="55.300"/>
</testsuite> <!-- practice_wide_range_of_scenarios_selenium.makeMyTrip_scenario -->
